<?xml version="1.0" encoding="UTF-8"?>
<!-- Generated by org.testng.reporters.JUnitXMLReporter -->
<testsuite ignored="0" hostname="TYSS-Chandana-M" failures="0" tests="5" name="Test1" time="17.581" errors="0" timestamp="2024-02-20T08:22:08 IST">
  <testcase classname="parallel_execution.TC_03" name="launch_Oppo" time="13.705"/>
  <testcase classname="parallel_execution.TC_01" name="launch_Mi" time="14.097"/>
  <testcase classname="parallel_execution.TC_07" name="launch_Lakme" time="14.458"/>
  <testcase classname="parallel_execution.TC_06" name="launch_Flipkart" time="16.823"/>
  <testcase classname="parallel_execution.TC_02" name="launch_Vivo" time="17.534"/>
</testsuite> <!-- Test1 -->
