<?xml version="1.0" encoding="UTF-8"?>
<!-- Generated by org.testng.reporters.JUnitXMLReporter -->
<testsuite ignored="0" hostname="TYSS-Chandana-M" failures="0" tests="4" name="Test2" time="13.099" errors="0" timestamp="2024-02-20T08:22:21 IST">
  <testcase classname="parallel_execution.TC_04" name="launch_Amazon" time="7.917"/>
  <testcase classname="parallel_execution.TC_05" name="launch_Meesho" time="11.16"/>
  <testcase classname="parallel_execution.TC_09" name="launch_Mamaearth" time="11.717"/>
  <testcase classname="parallel_execution.TC_08" name="launch_Wow" time="13.093"/>
</testsuite> <!-- Test2 -->
